{
  "RSpec": {
    "coverage": {
      "/Users/sibhattemelso/Documents/WebDev/lambda/fullstack/45-supp2u/zanta-ruby-be/zanta/app/models/business.rb": [
        1,
        1,
        null
      ],
      "/Users/sibhattemelso/Documents/WebDev/lambda/fullstack/45-supp2u/zanta-ruby-be/zanta/app/models/customer.rb": [
        1,
        1,
        null
      ],
      "/Users/sibhattemelso/Documents/WebDev/lambda/fullstack/45-supp2u/zanta-ruby-be/zanta/app/controllers/api/v1/businesses_controller.rb": [
        1,
        1,
        null,
        null,
        1,
        0,
        null,
        0,
        null,
        null,
        null,
        1,
        1,
        null,
        null,
        null,
        1,
        1,
        1,
        null,
        0,
        null,
        null,
        null,
        null,
        1,
        1,
        null,
        null,
        1,
        null,
        null,
        1,
        3,
        null,
        null,
        null,
        1,
        1,
        null,
        null
      ],
      "/Users/sibhattemelso/Documents/WebDev/lambda/fullstack/45-supp2u/zanta-ruby-be/zanta/app/controllers/application_controller.rb": [
        1,
        1,
        1,
        null,
        null,
        null,
        null
      ],
      "/Users/sibhattemelso/Documents/WebDev/lambda/fullstack/45-supp2u/zanta-ruby-be/zanta/app/controllers/api/v1/customers_controller.rb": [
        null,
        null,
        1,
        1,
        1,
        1,
        null,
        null,
        1,
        0,
        null,
        0,
        null,
        null,
        null,
        1,
        2,
        null,
        null,
        null,
        null,
        null,
        null,
        null,
        null,
        null,
        null,
        null,
        null,
        null,
        null,
        null,
        null,
        null,
        null,
        null,
        null,
        null,
        null,
        1,
        1,
        1,
        null,
        0,
        null,
        null,
        null,
        null,
        1,
        1,
        null,
        null,
        1,
        null,
        1,
        4,
        null,
        null,
        null,
        1,
        1,
        null,
        null,
        null,
        null
      ],
      "/Users/sibhattemelso/Documents/WebDev/lambda/fullstack/45-supp2u/zanta-ruby-be/zanta/app/controllers/users/token_controller.rb": [
        null,
        null,
        1,
        1,
        null,
        1,
        1,
        1,
        1,
        2,
        null,
        1,
        1,
        0,
        null,
        0,
        0,
        0,
        null,
        null,
        null,
        1,
        6,
        6,
        3,
        3,
        3,
        null,
        3,
        3,
        null,
        0,
        null,
        null,
        3,
        null,
        null,
        null,
        null,
        1,
        6,
        6,
        3,
        null,
        3,
        3,
        null,
        3,
        3,
        null,
        0,
        null,
        null,
        3,
        null,
        null,
        null,
        1,
        null,
        1,
        0,
        null,
        null,
        1,
        1,
        1,
        1,
        null,
        null,
        null,
        1,
        1,
        null,
        null,
        null,
        null,
        null,
        null,
        null,
        1,
        1,
        null,
        null,
        null,
        1,
        0,
        null,
        null,
        1,
        0,
        0,
        0,
        0,
        null,
        null,
        1,
        0,
        null,
        null,
        1,
        0,
        null,
        null,
        1,
        null,
        null,
        1,
        6,
        null,
        null,
        null,
        1,
        3,
        null,
        null,
        1,
        6,
        null,
        null,
        null,
        null,
        null,
        null,
        1,
        0,
        0,
        null,
        0,
        null,
        null,
        null,
        1,
        0,
        null,
        0,
        null,
        null,
        1,
        null,
        null,
        0,
        0,
        0,
        null,
        null,
        null
      ],
      "/Users/sibhattemelso/Documents/WebDev/lambda/fullstack/45-supp2u/zanta-ruby-be/zanta/app/controllers/users/sessions_controller.rb": [
        null,
        null,
        1,
        1,
        1,
        1,
        7,
        null,
        null,
        1,
        0,
        0,
        0,
        0,
        null,
        null,
        null,
        1,
        6,
        3,
        3,
        3,
        null,
        null,
        null,
        1,
        0,
        0,
        0,
        0,
        null,
        null,
        1,
        null,
        1,
        0,
        null,
        null,
        1,
        0,
        0,
        0,
        0,
        null,
        null,
        1,
        6,
        null,
        null,
        1,
        0,
        null,
        null,
        1,
        null,
        null,
        null,
        null,
        null,
        1,
        0,
        0,
        null,
        0,
        null,
        null,
        null,
        1,
        0,
        null,
        0,
        null,
        null,
        1,
        null,
        null,
        0,
        0,
        0,
        null,
        null,
        null
      ],
      "/Users/sibhattemelso/Documents/WebDev/lambda/fullstack/45-supp2u/zanta-ruby-be/zanta/app/controllers/users/registrations_controller.rb": [
        null,
        null,
        1,
        null,
        null,
        null,
        null,
        null,
        null,
        null,
        null,
        null,
        null,
        null,
        null,
        null,
        null,
        null,
        null,
        null,
        null,
        null,
        null,
        null,
        null,
        null,
        null,
        null,
        null,
        null,
        null,
        null,
        null,
        null,
        null,
        null,
        null,
        null,
        null,
        null,
        null,
        null,
        null,
        null,
        null,
        null,
        null,
        null,
        null,
        null,
        null,
        null,
        null,
        null,
        null,
        null,
        null,
        null,
        null,
        null,
        null
      ]
    },
    "timestamp": 1571176933
  }
}
