{
  "RSpec": {
    "coverage": {
      "/Users/sibhattemelso/Documents/WebDev/lambda/fullstack/45-supp2u/zanta-ruby-be/zanta/app/controllers/api/v1/businesses_controller.rb": [
        1,
        1,
        null,
        null,
        1,
        0,
        null,
        0,
        null,
        null,
        null,
        1,
        0,
        null,
        null,
        null,
        1,
        0,
        0,
        null,
        0,
        null,
        null,
        null,
        null,
        1,
        0,
        null,
        null,
        1,
        null,
        null,
        1,
        0,
        null,
        null,
        null,
        1,
        0,
        null,
        null
      ],
      "/Users/sibhattemelso/Documents/WebDev/lambda/fullstack/45-supp2u/zanta-ruby-be/zanta/app/controllers/application_controller.rb": [
        1,
        1,
        1,
        null,
        null,
        null,
        null
      ]
    },
    "timestamp": 1571362862
  }
}
